<?xml version="1.0" encoding="UTF-8"?>
<coverage generated="1675863749049" clover="3.2.0">
  <project timestamp="1675863749049" name="All files">
    <metrics statements="16" coveredstatements="11" conditionals="2" coveredconditionals="1" methods="2" coveredmethods="1" elements="20" coveredelements="13" complexity="0" loc="16" ncloc="16" packages="1" files="1" classes="1"/>
    <file name="server.js" path="C:\Users\User\Documents\GitHub\cse341-artist-archive\server.js">
      <metrics statements="16" coveredstatements="11" conditionals="2" coveredconditionals="1" methods="2" coveredmethods="1"/>
      <line num="1" count="1" type="stmt"/>
      <line num="2" count="1" type="stmt"/>
      <line num="3" count="1" type="stmt"/>
      <line num="4" count="1" type="stmt"/>
      <line num="5" count="1" type="stmt"/>
      <line num="6" count="1" type="cond" truecount="1" falsecount="1"/>
      <line num="8" count="1" type="stmt"/>
      <line num="14" count="0" type="stmt"/>
      <line num="15" count="0" type="stmt"/>
      <line num="19" count="0" type="stmt"/>
      <line num="20" count="0" type="stmt"/>
      <line num="21" count="0" type="stmt"/>
      <line num="24" count="1" type="stmt"/>
      <line num="26" count="1" type="stmt"/>
      <line num="27" count="1" type="stmt"/>
      <line num="30" count="1" type="stmt"/>
    </file>
  </project>
</coverage>
