TN:
SF:server.js
FN:28,(anonymous_0)
FN:42,(anonymous_1)
FNF:2
FNH:1
FNDA:0,(anonymous_0)
FNDA:4,(anonymous_1)
DA:1,4
DA:2,4
DA:3,4
DA:4,4
DA:5,4
DA:6,4
DA:9,4
DA:10,4
DA:22,4
DA:29,0
DA:30,0
DA:34,0
DA:35,0
DA:36,0
DA:39,4
DA:42,4
DA:43,4
DA:46,4
LF:18
LH:13
BRDA:6,0,0,4
BRDA:6,0,1,0
BRF:2
BRH:1
end_of_record
TN:
SF:controllers\artists.js
FN:7,(anonymous_0)
FN:14,(anonymous_1)
FN:28,(anonymous_2)
FN:39,(anonymous_3)
FN:53,(anonymous_4)
FN:75,(anonymous_5)
FN:102,(anonymous_6)
FNF:7
FNH:4
FNDA:1,(anonymous_0)
FNDA:1,(anonymous_1)
FNDA:1,(anonymous_2)
FNDA:1,(anonymous_3)
FNDA:0,(anonymous_4)
FNDA:0,(anonymous_5)
FNDA:0,(anonymous_6)
DA:2,4
DA:3,4
DA:7,4
DA:8,1
DA:9,1
DA:14,1
DA:15,1
DA:16,1
DA:17,1
DA:19,0
DA:24,0
DA:28,4
DA:29,1
DA:30,0
DA:32,1
DA:33,1
DA:34,1
DA:39,1
DA:40,1
DA:41,1
DA:42,1
DA:44,0
DA:49,0
DA:53,4
DA:54,0
DA:55,0
DA:62,0
DA:67,0
DA:68,0
DA:71,0
DA:75,4
DA:76,0
DA:77,0
DA:79,0
DA:80,0
DA:88,0
DA:89,0
DA:93,0
DA:94,0
DA:96,0
DA:98,0
DA:102,4
DA:103,0
DA:104,0
DA:106,0
DA:108,0
DA:109,0
DA:113,0
DA:114,0
DA:116,0
DA:118,0
DA:124,4
LF:52
LH:22
BRDA:15,0,0,1
BRDA:15,0,1,0
BRDA:19,1,0,0
BRDA:19,1,1,0
BRDA:29,2,0,0
BRDA:29,2,1,1
BRDA:40,3,0,1
BRDA:40,3,1,0
BRDA:44,4,0,0
BRDA:44,4,1,0
BRDA:76,5,0,0
BRDA:76,5,1,0
BRDA:93,6,0,0
BRDA:93,6,1,0
BRDA:96,7,0,0
BRDA:96,7,1,0
BRDA:103,8,0,0
BRDA:103,8,1,0
BRDA:113,9,0,0
BRDA:113,9,1,0
BRDA:116,10,0,0
BRDA:116,10,1,0
BRF:22
BRH:3
end_of_record
TN:
SF:controllers\artworks.js
FN:5,(anonymous_0)
FN:8,(anonymous_1)
FN:22,(anonymous_2)
FN:30,(anonymous_3)
FN:46,(anonymous_4)
FN:70,(anonymous_5)
FN:100,(anonymous_6)
FNF:7
FNH:4
FNDA:1,(anonymous_0)
FNDA:1,(anonymous_1)
FNDA:1,(anonymous_2)
FNDA:1,(anonymous_3)
FNDA:0,(anonymous_4)
FNDA:0,(anonymous_5)
FNDA:0,(anonymous_6)
DA:1,4
DA:2,4
DA:5,4
DA:6,1
DA:7,1
DA:8,1
DA:9,1
DA:10,1
DA:11,1
DA:13,0
DA:17,0
DA:22,4
DA:23,1
DA:24,0
DA:26,1
DA:27,1
DA:28,1
DA:30,1
DA:32,1
DA:33,1
DA:34,1
DA:37,0
DA:41,0
DA:46,4
DA:47,0
DA:48,0
DA:59,0
DA:60,0
DA:61,0
DA:63,0
DA:66,0
DA:70,4
DA:71,0
DA:72,0
DA:73,0
DA:75,0
DA:77,0
DA:89,0
DA:90,0
DA:91,0
DA:93,0
DA:96,0
DA:100,4
DA:101,0
DA:102,0
DA:103,0
DA:105,0
DA:107,0
DA:108,0
DA:109,0
DA:111,0
DA:114,0
DA:118,4
LF:53
LH:22
BRDA:9,0,0,1
BRDA:9,0,1,0
BRDA:13,1,0,0
BRDA:13,1,1,0
BRDA:23,2,0,0
BRDA:23,2,1,1
BRDA:32,3,0,1
BRDA:32,3,1,0
BRDA:37,4,0,0
BRDA:37,4,1,0
BRDA:60,5,0,0
BRDA:60,5,1,0
BRDA:63,6,0,0
BRDA:63,6,1,0
BRDA:72,7,0,0
BRDA:72,7,1,0
BRDA:90,8,0,0
BRDA:90,8,1,0
BRDA:93,9,0,0
BRDA:93,9,1,0
BRDA:102,10,0,0
BRDA:102,10,1,0
BRDA:108,11,0,0
BRDA:108,11,1,0
BRDA:111,12,0,0
BRDA:111,12,1,0
BRF:26
BRH:3
end_of_record
TN:
SF:controllers\index.js
FN:5,(anonymous_0)
FNF:1
FNH:0
FNDA:0,(anonymous_0)
DA:1,4
DA:2,4
DA:3,4
DA:5,4
DA:8,0
DA:13,4
LF:6
LH:5
BRDA:8,0,0,0
BRDA:8,0,1,0
BRF:2
BRH:0
end_of_record
TN:
SF:controllers\metrics.js
FN:7,(anonymous_0)
FN:14,(anonymous_1)
FN:23,(anonymous_2)
FN:36,(anonymous_3)
FN:51,(anonymous_4)
FN:79,(anonymous_5)
FN:113,(anonymous_6)
FNF:7
FNH:2
FNDA:1,(anonymous_0)
FNDA:0,(anonymous_1)
FNDA:1,(anonymous_2)
FNDA:0,(anonymous_3)
FNDA:0,(anonymous_4)
FNDA:0,(anonymous_5)
FNDA:0,(anonymous_6)
DA:2,4
DA:3,4
DA:7,4
DA:8,1
DA:9,1
DA:14,0
DA:15,0
DA:16,0
DA:19,1
DA:23,4
DA:24,1
DA:25,0
DA:27,1
DA:29,1
DA:30,1
DA:36,0
DA:37,0
DA:38,0
DA:39,0
DA:41,0
DA:46,1
DA:51,4
DA:52,0
DA:54,0
DA:62,0
DA:68,0
DA:69,0
DA:71,0
DA:74,0
DA:79,4
DA:81,0
DA:82,0
DA:84,0
DA:85,0
DA:87,0
DA:95,0
DA:100,0
DA:102,0
DA:103,0
DA:105,0
DA:108,0
DA:113,4
DA:114,0
DA:115,0
DA:118,0
DA:119,0
DA:125,0
DA:126,0
DA:128,0
DA:131,0
DA:134,4
LF:51
LH:16
BRDA:24,0,0,0
BRDA:24,0,1,1
BRDA:37,1,0,0
BRDA:37,1,1,0
BRDA:41,2,0,0
BRDA:41,2,1,0
BRDA:68,3,0,0
BRDA:68,3,1,0
BRDA:71,4,0,0
BRDA:71,4,1,0
BRDA:81,5,0,0
BRDA:81,5,1,0
BRDA:102,6,0,0
BRDA:102,6,1,0
BRDA:105,7,0,0
BRDA:105,7,1,0
BRDA:114,8,0,0
BRDA:114,8,1,0
BRDA:125,9,0,0
BRDA:125,9,1,0
BRDA:128,10,0,0
BRDA:128,10,1,0
BRF:22
BRH:1
end_of_record
TN:
SF:controllers\showtimes.js
FN:6,(anonymous_0)
FN:9,(anonymous_1)
FN:23,(anonymous_2)
FN:31,(anonymous_3)
FN:45,(anonymous_4)
FN:65,(anonymous_5)
FN:91,(anonymous_6)
FNF:7
FNH:4
FNDA:1,(anonymous_0)
FNDA:1,(anonymous_1)
FNDA:1,(anonymous_2)
FNDA:1,(anonymous_3)
FNDA:0,(anonymous_4)
FNDA:0,(anonymous_5)
FNDA:0,(anonymous_6)
DA:2,4
DA:3,4
DA:6,4
DA:7,1
DA:8,1
DA:9,1
DA:10,1
DA:11,1
DA:12,1
DA:14,0
DA:18,0
DA:23,4
DA:25,1
DA:26,0
DA:28,1
DA:29,1
DA:30,1
DA:31,1
DA:32,1
DA:33,1
DA:34,1
DA:36,0
DA:40,0
DA:45,4
DA:46,0
DA:47,0
DA:54,0
DA:55,0
DA:56,0
DA:58,0
DA:61,0
DA:65,4
DA:66,0
DA:67,0
DA:68,0
DA:70,0
DA:72,0
DA:80,0
DA:81,0
DA:82,0
DA:84,0
DA:87,0
DA:91,4
DA:92,0
DA:93,0
DA:94,0
DA:96,0
DA:98,0
DA:99,0
DA:100,0
DA:102,0
DA:105,0
DA:109,4
LF:53
LH:22
BRDA:10,0,0,1
BRDA:10,0,1,0
BRDA:14,1,0,0
BRDA:14,1,1,0
BRDA:25,2,0,0
BRDA:25,2,1,1
BRDA:32,3,0,1
BRDA:32,3,1,0
BRDA:36,4,0,0
BRDA:36,4,1,0
BRDA:55,5,0,0
BRDA:55,5,1,0
BRDA:58,6,0,0
BRDA:58,6,1,0
BRDA:67,7,0,0
BRDA:67,7,1,0
BRDA:81,8,0,0
BRDA:81,8,1,0
BRDA:84,9,0,0
BRDA:84,9,1,0
BRDA:93,10,0,0
BRDA:93,10,1,0
BRDA:99,11,0,0
BRDA:99,11,1,0
BRDA:102,12,0,0
BRDA:102,12,1,0
BRF:26
BRH:3
end_of_record
TN:
SF:db\connect.js
FN:7,(anonymous_0)
FN:9,(anonymous_1)
FN:15,(anonymous_2)
FNF:3
FNH:3
FNDA:4,(anonymous_0)
FNDA:4,(anonymous_1)
FNDA:8,(anonymous_2)
DA:1,4
DA:2,4
DA:3,4
DA:7,4
DA:8,4
DA:10,4
DA:12,4
DA:15,4
DA:16,8
DA:19,4
LF:10
LH:10
BRF:0
BRH:0
end_of_record
TN:
SF:helpers\validation.js
FN:3,(anonymous_0)
FN:5,(anonymous_1)
FN:6,(anonymous_2)
FNF:3
FNH:0
FNDA:0,(anonymous_0)
FNDA:0,(anonymous_1)
FNDA:0,(anonymous_2)
DA:2,4
DA:3,4
DA:4,0
DA:5,0
DA:6,0
DA:9,4
LF:6
LH:3
BRF:0
BRH:0
end_of_record
TN:
SF:middleware\validation.js
FN:4,(anonymous_0)
FN:16,(anonymous_1)
FN:29,(anonymous_2)
FN:37,(anonymous_3)
FN:50,(anonymous_4)
FN:58,(anonymous_5)
FNF:6
FNH:0
FNDA:0,(anonymous_0)
FNDA:0,(anonymous_1)
FNDA:0,(anonymous_2)
FNDA:0,(anonymous_3)
FNDA:0,(anonymous_4)
FNDA:0,(anonymous_5)
DA:2,4
DA:4,4
DA:5,0
DA:16,0
DA:17,0
DA:18,0
DA:24,0
DA:29,4
DA:30,0
DA:37,0
DA:38,0
DA:39,0
DA:45,0
DA:50,4
DA:51,0
DA:58,0
DA:59,0
DA:60,0
DA:61,0
DA:67,0
DA:72,4
LF:21
LH:5
BRDA:17,0,0,0
BRDA:17,0,1,0
BRDA:38,1,0,0
BRDA:38,1,1,0
BRDA:60,2,0,0
BRDA:60,2,1,0
BRF:6
BRH:0
end_of_record
TN:
SF:routes\artists.js
FNF:0
FNH:0
DA:2,4
DA:3,4
DA:4,4
DA:5,4
DA:8,4
DA:11,4
DA:15,4
DA:18,4
DA:23,4
LF:9
LH:9
BRF:0
BRH:0
end_of_record
TN:
SF:routes\artworks.js
FNF:0
FNH:0
DA:2,4
DA:3,4
DA:4,4
DA:5,4
DA:8,4
DA:11,4
DA:14,4
DA:17,4
DA:19,4
DA:21,4
DA:24,4
LF:11
LH:11
BRF:0
BRH:0
end_of_record
TN:
SF:routes\index.js
FNF:0
FNH:0
DA:1,4
DA:2,4
DA:3,4
DA:9,4
DA:10,4
DA:11,4
DA:12,4
DA:13,4
DA:14,4
DA:16,4
LF:10
LH:10
BRF:0
BRH:0
end_of_record
TN:
SF:routes\metrics.js
FNF:0
FNH:0
DA:2,4
DA:3,4
DA:4,4
DA:9,4
DA:11,4
DA:12,4
DA:13,4
DA:14,4
DA:15,4
DA:18,4
LF:10
LH:10
BRF:0
BRH:0
end_of_record
TN:
SF:routes\showtimes.js
FNF:0
FNH:0
DA:2,4
DA:3,4
DA:4,4
DA:5,4
DA:8,4
DA:11,4
DA:14,4
DA:17,4
DA:19,4
DA:21,4
DA:23,4
LF:11
LH:11
BRF:0
BRH:0
end_of_record
TN:
SF:routes\swagger.js
FNF:0
FNH:0
DA:1,4
DA:2,4
DA:3,4
DA:5,4
DA:6,4
DA:8,4
LF:6
LH:6
BRF:0
BRH:0
end_of_record
